<?xml version="1.0" encoding="UTF-8"?>
<!-- Generated by org.testng.reporters.JUnitReportReporter -->
<testsuite hostname="HP" name="tests.SnapEngageTest" tests="2" failures="0" timestamp="2 Nov 2019 12:53:18 GMT" time="8.885" errors="0">
  <testcase name="TakeScreenShot" time="1.032" classname="tests.SnapEngageTest"/>
  <testcase name="loginSteps" time="7.853" classname="tests.SnapEngageTest"/>
</testsuite> <!-- tests.SnapEngageTest -->
