<?xml version="1.0" encoding="UTF-8"?>
<!-- Generated by org.testng.reporters.JUnitReportReporter -->
<testsuite hostname="HP" name="SnapEngage.SnapEngage.AppTest" tests="1" failures="0" timestamp="2 Nov 2019 12:53:18 GMT" time="0.003" errors="0">
  <testcase name="testApp" time="0.003" classname="SnapEngage.SnapEngage.AppTest"/>
</testsuite> <!-- SnapEngage.SnapEngage.AppTest -->
