<?xml version="1.0" encoding="UTF-8"?>
<!-- Generated by org.testng.reporters.JUnitReportReporter -->
<testsuite hostname="HP" name="tests.SnapEngageTest" tests="2" failures="0" timestamp="2 Nov 2019 11:57:28 GMT" time="9.350" errors="0">
  <testcase name="TakeScreenShot" time="1.086" classname="tests.SnapEngageTest"/>
  <testcase name="loginSteps" time="8.264" classname="tests.SnapEngageTest"/>
</testsuite> <!-- tests.SnapEngageTest -->
